2020-04-21 15:21:30.120 [main] INFO  eu.mihosoft.freerouting.FreeRouting - Freerouting application is started.
2020-04-21 15:21:30.477 [main] TRACE eu.mihosoft.freerouting.FreeRouting - Method 'MainApplication.main()' was performed in 0.53 seconds.
2020-04-21 15:21:56.127 [AWT-EventQueue-0] INFO  eu.mihosoft.freerouting.FreeRouting - Opening 'DiyIpmi.dsn'...
2020-04-21 15:21:56.793 [AWT-EventQueue-0] INFO  eu.mihosoft.freerouting.FreeRouting - Opening 'DiyIpmi.rules'...
2020-04-21 15:21:56.795 [AWT-EventQueue-0] ERROR eu.mihosoft.freerouting.FreeRouting - File 'DiyIpmi.rules' was not found.
2020-04-21 15:22:28.314 [AWT-EventQueue-0] INFO  eu.mihosoft.freerouting.FreeRouting - Generating snapshot
2020-04-21 15:22:28.874 [Thread-0] TRACE eu.mihosoft.freerouting.FreeRouting - Method 'BatchAutorouter.autoroute_pass #1 on board '2f3249e26ee6782756266dd7fbd9af65' making 43 changes' was performed in 0.45 seconds.
2020-04-21 15:22:28.972 [Thread-0] TRACE eu.mihosoft.freerouting.FreeRouting - Method 'BatchAutorouter.autoroute_pass #2 on board 'f563730fe72eea0509e08cadebfc00d5' making 3 changes' was performed in 0.08 seconds.
2020-04-21 15:22:28.987 [Thread-0] TRACE eu.mihosoft.freerouting.FreeRouting - Method 'BatchAutorouter.autoroute_pass #3 on board 'a68692a70e3e1bad6e164135f8e476c9' making 0 changes' was performed in 0.00 seconds.
2020-04-21 15:22:28.994 [Thread-0] INFO  eu.mihosoft.freerouting.FreeRouting - Generating snapshot
2020-04-21 15:22:29.011 [Thread-0] INFO  eu.mihosoft.freerouting.FreeRouting - Generating snapshot
2020-04-21 15:22:29.038 [Thread-0] INFO  eu.mihosoft.freerouting.FreeRouting - Generating snapshot
2020-04-21 15:22:29.050 [Thread-0] INFO  eu.mihosoft.freerouting.FreeRouting - Generating snapshot
2020-04-21 15:22:29.074 [Thread-0] INFO  eu.mihosoft.freerouting.FreeRouting - Generating snapshot
2020-04-21 15:22:29.092 [Thread-0] INFO  eu.mihosoft.freerouting.FreeRouting - Generating snapshot
2020-04-21 15:22:29.107 [Thread-0] INFO  eu.mihosoft.freerouting.FreeRouting - Generating snapshot
2020-04-21 15:22:29.125 [Thread-0] INFO  eu.mihosoft.freerouting.FreeRouting - Generating snapshot
2020-04-21 15:22:29.139 [Thread-0] INFO  eu.mihosoft.freerouting.FreeRouting - Generating snapshot
2020-04-21 15:22:29.162 [Thread-0] INFO  eu.mihosoft.freerouting.FreeRouting - Generating snapshot
2020-04-21 15:22:29.177 [Thread-0] INFO  eu.mihosoft.freerouting.FreeRouting - Generating snapshot
2020-04-21 15:22:29.192 [Thread-0] INFO  eu.mihosoft.freerouting.FreeRouting - Generating snapshot
2020-04-21 15:22:29.209 [Thread-0] INFO  eu.mihosoft.freerouting.FreeRouting - Generating snapshot
2020-04-21 15:22:29.223 [Thread-0] INFO  eu.mihosoft.freerouting.FreeRouting - Generating snapshot
2020-04-21 15:22:29.272 [Thread-0] INFO  eu.mihosoft.freerouting.FreeRouting - Generating snapshot
2020-04-21 15:22:29.343 [Thread-0] INFO  eu.mihosoft.freerouting.FreeRouting - Generating snapshot
2020-04-21 15:22:29.351 [Thread-0] INFO  eu.mihosoft.freerouting.FreeRouting - Generating snapshot
2020-04-21 15:22:29.368 [Thread-0] INFO  eu.mihosoft.freerouting.FreeRouting - Generating snapshot
2020-04-21 15:22:29.382 [Thread-0] INFO  eu.mihosoft.freerouting.FreeRouting - Generating snapshot
2020-04-21 15:22:29.403 [Thread-0] INFO  eu.mihosoft.freerouting.FreeRouting - Generating snapshot
2020-04-21 15:22:29.417 [Thread-0] INFO  eu.mihosoft.freerouting.FreeRouting - Generating snapshot
2020-04-21 15:22:29.433 [Thread-0] INFO  eu.mihosoft.freerouting.FreeRouting - Generating snapshot
2020-04-21 15:22:29.443 [Thread-0] INFO  eu.mihosoft.freerouting.FreeRouting - Generating snapshot
2020-04-21 15:22:29.453 [Thread-0] INFO  eu.mihosoft.freerouting.FreeRouting - Generating snapshot
2020-04-21 15:22:29.492 [Thread-0] INFO  eu.mihosoft.freerouting.FreeRouting - Generating snapshot
2020-04-21 15:22:29.509 [Thread-0] INFO  eu.mihosoft.freerouting.FreeRouting - Generating snapshot
2020-04-21 15:22:29.525 [Thread-0] INFO  eu.mihosoft.freerouting.FreeRouting - Generating snapshot
2020-04-21 15:22:29.548 [Thread-0] INFO  eu.mihosoft.freerouting.FreeRouting - Generating snapshot
2020-04-21 15:22:29.564 [Thread-0] INFO  eu.mihosoft.freerouting.FreeRouting - Generating snapshot
2020-04-21 15:22:29.597 [Thread-0] INFO  eu.mihosoft.freerouting.FreeRouting - Generating snapshot
2020-04-21 15:22:29.620 [Thread-0] INFO  eu.mihosoft.freerouting.FreeRouting - Generating snapshot
2020-04-21 15:22:29.636 [Thread-0] INFO  eu.mihosoft.freerouting.FreeRouting - Generating snapshot
2020-04-21 15:22:29.677 [Thread-0] INFO  eu.mihosoft.freerouting.FreeRouting - Generating snapshot
2020-04-21 15:22:29.749 [Thread-0] INFO  eu.mihosoft.freerouting.FreeRouting - Generating snapshot
2020-04-21 15:22:29.804 [Thread-0] INFO  eu.mihosoft.freerouting.FreeRouting - Generating snapshot
2020-04-21 15:22:29.842 [Thread-0] INFO  eu.mihosoft.freerouting.FreeRouting - Generating snapshot
2020-04-21 15:22:29.889 [Thread-0] INFO  eu.mihosoft.freerouting.FreeRouting - Generating snapshot
2020-04-21 15:22:29.901 [Thread-0] INFO  eu.mihosoft.freerouting.FreeRouting - Generating snapshot
2020-04-21 15:22:29.938 [Thread-0] INFO  eu.mihosoft.freerouting.FreeRouting - Generating snapshot
2020-04-21 15:22:29.954 [Thread-0] INFO  eu.mihosoft.freerouting.FreeRouting - Generating snapshot
2020-04-21 15:22:29.970 [Thread-0] INFO  eu.mihosoft.freerouting.FreeRouting - Generating snapshot
2020-04-21 15:22:29.990 [Thread-0] INFO  eu.mihosoft.freerouting.FreeRouting - Generating snapshot
2020-04-21 15:22:30.011 [Thread-0] INFO  eu.mihosoft.freerouting.FreeRouting - Generating snapshot
2020-04-21 15:22:30.022 [Thread-0] INFO  eu.mihosoft.freerouting.FreeRouting - Generating snapshot
2020-04-21 15:22:30.030 [Thread-0] INFO  eu.mihosoft.freerouting.FreeRouting - Generating snapshot
2020-04-21 15:22:30.039 [Thread-0] INFO  eu.mihosoft.freerouting.FreeRouting - Generating snapshot
2020-04-21 15:22:30.056 [Thread-0] INFO  eu.mihosoft.freerouting.FreeRouting - Generating snapshot
2020-04-21 15:22:30.072 [Thread-0] INFO  eu.mihosoft.freerouting.FreeRouting - Generating snapshot
2020-04-21 15:22:30.087 [Thread-0] INFO  eu.mihosoft.freerouting.FreeRouting - Generating snapshot
2020-04-21 15:22:30.098 [Thread-0] INFO  eu.mihosoft.freerouting.FreeRouting - Generating snapshot
2020-04-21 15:22:30.121 [Thread-0] INFO  eu.mihosoft.freerouting.FreeRouting - Generating snapshot
2020-04-21 15:22:30.144 [Thread-0] INFO  eu.mihosoft.freerouting.FreeRouting - Generating snapshot
2020-04-21 15:22:30.164 [Thread-0] INFO  eu.mihosoft.freerouting.FreeRouting - Generating snapshot
2020-04-21 15:22:30.231 [Thread-0] INFO  eu.mihosoft.freerouting.FreeRouting - Generating snapshot
2020-04-21 15:22:30.274 [Thread-0] INFO  eu.mihosoft.freerouting.FreeRouting - Generating snapshot
2020-04-21 15:22:30.402 [Thread-0] INFO  eu.mihosoft.freerouting.FreeRouting - Generating snapshot
2020-04-21 15:22:30.450 [Thread-0] INFO  eu.mihosoft.freerouting.FreeRouting - Generating snapshot
2020-04-21 15:22:30.479 [Thread-0] INFO  eu.mihosoft.freerouting.FreeRouting - Generating snapshot
2020-04-21 15:22:30.498 [Thread-0] INFO  eu.mihosoft.freerouting.FreeRouting - Generating snapshot
2020-04-21 15:22:30.509 [Thread-0] INFO  eu.mihosoft.freerouting.FreeRouting - Generating snapshot
2020-04-21 15:22:30.523 [Thread-0] INFO  eu.mihosoft.freerouting.FreeRouting - Generating snapshot
2020-04-21 15:22:30.536 [Thread-0] INFO  eu.mihosoft.freerouting.FreeRouting - Generating snapshot
2020-04-21 15:22:30.551 [Thread-0] INFO  eu.mihosoft.freerouting.FreeRouting - Generating snapshot
2020-04-21 15:22:30.562 [Thread-0] INFO  eu.mihosoft.freerouting.FreeRouting - Generating snapshot
2020-04-21 15:22:30.569 [Thread-0] INFO  eu.mihosoft.freerouting.FreeRouting - Generating snapshot
2020-04-21 15:22:30.577 [Thread-0] INFO  eu.mihosoft.freerouting.FreeRouting - Generating snapshot
2020-04-21 15:22:30.587 [Thread-0] INFO  eu.mihosoft.freerouting.FreeRouting - Generating snapshot
2020-04-21 15:22:30.598 [Thread-0] INFO  eu.mihosoft.freerouting.FreeRouting - Generating snapshot
2020-04-21 15:22:30.614 [Thread-0] INFO  eu.mihosoft.freerouting.FreeRouting - Generating snapshot
2020-04-21 15:22:30.627 [Thread-0] INFO  eu.mihosoft.freerouting.FreeRouting - Generating snapshot
2020-04-21 15:22:30.647 [Thread-0] INFO  eu.mihosoft.freerouting.FreeRouting - Generating snapshot
2020-04-21 15:22:30.659 [Thread-0] INFO  eu.mihosoft.freerouting.FreeRouting - Generating snapshot
2020-04-21 15:22:30.669 [Thread-0] INFO  eu.mihosoft.freerouting.FreeRouting - Generating snapshot
2020-04-21 15:22:30.697 [Thread-0] INFO  eu.mihosoft.freerouting.FreeRouting - Generating snapshot
2020-04-21 15:22:30.724 [Thread-0] INFO  eu.mihosoft.freerouting.FreeRouting - Generating snapshot
2020-04-21 15:22:30.773 [Thread-0] INFO  eu.mihosoft.freerouting.FreeRouting - Generating snapshot
2020-04-21 15:22:30.823 [Thread-0] INFO  eu.mihosoft.freerouting.FreeRouting - Generating snapshot
2020-04-21 15:22:30.845 [Thread-0] INFO  eu.mihosoft.freerouting.FreeRouting - Generating snapshot
2020-04-21 15:22:30.879 [Thread-0] INFO  eu.mihosoft.freerouting.FreeRouting - Generating snapshot
2020-04-21 15:22:30.898 [Thread-0] INFO  eu.mihosoft.freerouting.FreeRouting - Generating snapshot
2020-04-21 15:22:30.907 [Thread-0] INFO  eu.mihosoft.freerouting.FreeRouting - Generating snapshot
2020-04-21 15:22:30.917 [Thread-0] INFO  eu.mihosoft.freerouting.FreeRouting - Generating snapshot
2020-04-21 15:22:30.928 [Thread-0] INFO  eu.mihosoft.freerouting.FreeRouting - Generating snapshot
2020-04-21 15:22:30.940 [Thread-0] INFO  eu.mihosoft.freerouting.FreeRouting - Generating snapshot
2020-04-21 15:22:30.947 [Thread-0] INFO  eu.mihosoft.freerouting.FreeRouting - Generating snapshot
2020-04-21 15:22:30.953 [Thread-0] INFO  eu.mihosoft.freerouting.FreeRouting - Generating snapshot
2020-04-21 15:22:30.958 [Thread-0] INFO  eu.mihosoft.freerouting.FreeRouting - Generating snapshot
2020-04-21 15:22:30.969 [Thread-0] INFO  eu.mihosoft.freerouting.FreeRouting - Generating snapshot
2020-04-21 15:22:30.980 [Thread-0] INFO  eu.mihosoft.freerouting.FreeRouting - Generating snapshot
2020-04-21 15:22:30.992 [Thread-0] INFO  eu.mihosoft.freerouting.FreeRouting - Generating snapshot
2020-04-21 15:22:31.000 [Thread-0] INFO  eu.mihosoft.freerouting.FreeRouting - Generating snapshot
2020-04-21 15:22:31.011 [Thread-0] INFO  eu.mihosoft.freerouting.FreeRouting - Generating snapshot
2020-04-21 15:22:31.019 [Thread-0] INFO  eu.mihosoft.freerouting.FreeRouting - Generating snapshot
2020-04-21 15:22:31.028 [Thread-0] INFO  eu.mihosoft.freerouting.FreeRouting - Generating snapshot
2020-04-21 15:22:31.057 [Thread-0] INFO  eu.mihosoft.freerouting.FreeRouting - Generating snapshot
2020-04-21 15:22:31.093 [Thread-0] INFO  eu.mihosoft.freerouting.FreeRouting - Generating snapshot
2020-04-21 15:22:31.245 [Thread-0] INFO  eu.mihosoft.freerouting.FreeRouting - Generating snapshot
2020-04-21 15:22:31.276 [Thread-0] INFO  eu.mihosoft.freerouting.FreeRouting - Generating snapshot
2020-04-21 15:22:31.309 [Thread-0] INFO  eu.mihosoft.freerouting.FreeRouting - Generating snapshot
2020-04-21 15:22:31.328 [Thread-0] INFO  eu.mihosoft.freerouting.FreeRouting - Generating snapshot
2020-04-21 15:22:31.337 [Thread-0] INFO  eu.mihosoft.freerouting.FreeRouting - Generating snapshot
2020-04-21 15:22:31.347 [Thread-0] INFO  eu.mihosoft.freerouting.FreeRouting - Generating snapshot
2020-04-21 15:22:31.356 [Thread-0] INFO  eu.mihosoft.freerouting.FreeRouting - Generating snapshot
2020-04-21 15:22:31.385 [Thread-0] TRACE eu.mihosoft.freerouting.FreeRouting - Method 'BatchAutorouterThread.thread_action()' was performed in 3.07 seconds.
2020-04-21 15:22:45.368 [AWT-EventQueue-0] INFO  eu.mihosoft.freerouting.FreeRouting - Saving 'DiyIpmi.ses'...
2020-04-21 15:22:48.135 [AWT-EventQueue-0] INFO  eu.mihosoft.freerouting.FreeRouting - Saving 'DiyIpmi.rules'...
